{"C:\\RevatureProjects\\project0\\src\\daos\\db.ts": {"path":"C:\\RevatureProjects\\project0\\src\\daos\\db.ts","statementMap":{"0":{"start":{"line":2,"column":0},"end":{"line":2,"column":26}},"1":{"start":{"line":4,"column":13},"end":{"line":10,"column":3}}},"fnMap":{},"branchMap":{},"s":{"0":6,"1":6},"f":{},"b":{}}
,"C:\\RevatureProjects\\project0\\src\\daos\\employee-dao.ts": {"path":"C:\\RevatureProjects\\project0\\src\\daos\\employee-dao.ts","statementMap":{"0":{"start":{"line":1,"column":0},"end":{"line":1,"column":26}},"1":{"start":{"line":2,"column":0},"end":{"line":2,"column":68}},"2":{"start":{"line":5,"column":16},"end":{"line":5,"column":63}},"3":{"start":{"line":7,"column":4},"end":{"line":8,"column":77}},"4":{"start":{"line":8,"column":24},"end":{"line":8,"column":75}},"5":{"start":{"line":8,"column":47},"end":{"line":8,"column":71}},"6":{"start":{"line":4,"column":0},"end":{"line":4,"column":16}},"7":{"start":{"line":12,"column":16},"end":{"line":12,"column":41}},"8":{"start":{"line":14,"column":4},"end":{"line":21,"column":7}},"9":{"start":{"line":15,"column":33},"end":{"line":15,"column":44}},"10":{"start":{"line":17,"column":8},"end":{"line":17,"column":26}},"11":{"start":{"line":19,"column":44},"end":{"line":19,"column":85}},"12":{"start":{"line":19,"column":60},"end":{"line":19,"column":84}},"13":{"start":{"line":20,"column":8},"end":{"line":20,"column":25}},"14":{"start":{"line":11,"column":0},"end":{"line":11,"column":16}},"15":{"start":{"line":25,"column":16},"end":{"line":25,"column":88}},"16":{"start":{"line":26,"column":19},"end":{"line":26,"column":60}},"17":{"start":{"line":27,"column":4},"end":{"line":27,"column":33}},"18":{"start":{"line":24,"column":0},"end":{"line":24,"column":22}},"19":{"start":{"line":31,"column":16},"end":{"line":32,"column":33}},"20":{"start":{"line":34,"column":4},"end":{"line":39,"column":75}},"21":{"start":{"line":39,"column":22},"end":{"line":39,"column":73}},"22":{"start":{"line":39,"column":45},"end":{"line":39,"column":69}},"23":{"start":{"line":30,"column":0},"end":{"line":30,"column":16}},"24":{"start":{"line":44,"column":16},"end":{"line":46,"column":35}},"25":{"start":{"line":48,"column":19},"end":{"line":49,"column":59}},"26":{"start":{"line":51,"column":4},"end":{"line":52,"column":77}},"27":{"start":{"line":52,"column":24},"end":{"line":52,"column":75}},"28":{"start":{"line":52,"column":47},"end":{"line":52,"column":71}},"29":{"start":{"line":42,"column":0},"end":{"line":42,"column":16}}},"fnMap":{"0":{"name":"getEmployeeByID","decl":{"start":{"line":4,"column":16},"end":{"line":4,"column":31}},"loc":{"start":{"line":4,"column":50},"end":{"line":9,"column":1}}},"1":{"name":"(anonymous_8)","decl":{"start":{"line":8,"column":14},"end":{"line":8,"column":20}},"loc":{"start":{"line":8,"column":24},"end":{"line":8,"column":75}}},"2":{"name":"(anonymous_9)","decl":{"start":{"line":8,"column":40},"end":{"line":8,"column":43}},"loc":{"start":{"line":8,"column":47},"end":{"line":8,"column":71}}},"3":{"name":"getAllEmployees","decl":{"start":{"line":11,"column":16},"end":{"line":11,"column":31}},"loc":{"start":{"line":11,"column":31},"end":{"line":22,"column":1}}},"4":{"name":"(anonymous_11)","decl":{"start":{"line":14,"column":44},"end":{"line":14,"column":50}},"loc":{"start":{"line":14,"column":53},"end":{"line":21,"column":5}}},"5":{"name":"(anonymous_12)","decl":{"start":{"line":19,"column":53},"end":{"line":19,"column":56}},"loc":{"start":{"line":19,"column":60},"end":{"line":19,"column":84}}},"6":{"name":"employeeExists","decl":{"start":{"line":24,"column":22},"end":{"line":24,"column":36}},"loc":{"start":{"line":24,"column":55},"end":{"line":28,"column":null}}},"7":{"name":"saveEmployee","decl":{"start":{"line":30,"column":16},"end":{"line":30,"column":28}},"loc":{"start":{"line":30,"column":53},"end":{"line":40,"column":1}}},"8":{"name":"(anonymous_16)","decl":{"start":{"line":39,"column":12},"end":{"line":39,"column":18}},"loc":{"start":{"line":39,"column":22},"end":{"line":39,"column":73}}},"9":{"name":"(anonymous_17)","decl":{"start":{"line":39,"column":38},"end":{"line":39,"column":41}},"loc":{"start":{"line":39,"column":45},"end":{"line":39,"column":69}}},"10":{"name":"patchEmployee","decl":{"start":{"line":42,"column":16},"end":{"line":42,"column":29}},"loc":{"start":{"line":42,"column":54},"end":{"line":53,"column":1}}},"11":{"name":"(anonymous_19)","decl":{"start":{"line":52,"column":14},"end":{"line":52,"column":20}},"loc":{"start":{"line":52,"column":24},"end":{"line":52,"column":75}}},"12":{"name":"(anonymous_20)","decl":{"start":{"line":52,"column":40},"end":{"line":52,"column":43}},"loc":{"start":{"line":52,"column":47},"end":{"line":52,"column":71}}}},"branchMap":{},"s":{"0":2,"1":2,"2":0,"3":0,"4":0,"5":0,"6":2,"7":0,"8":0,"9":0,"10":0,"11":0,"12":0,"13":0,"14":2,"15":0,"16":0,"17":0,"18":2,"19":0,"20":0,"21":0,"22":0,"23":2,"24":0,"25":0,"26":0,"27":0,"28":0,"29":2},"f":{"0":0,"1":0,"2":0,"3":0,"4":0,"5":0,"6":0,"7":0,"8":0,"9":0,"10":0,"11":0,"12":0},"b":{}}
,"C:\\RevatureProjects\\project0\\src\\daos\\shelteredAnimal-dao.ts": {"path":"C:\\RevatureProjects\\project0\\src\\daos\\shelteredAnimal-dao.ts","statementMap":{"0":{"start":{"line":1,"column":0},"end":{"line":1,"column":26}},"1":{"start":{"line":2,"column":0},"end":{"line":2,"column":68}},"2":{"start":{"line":5,"column":16},"end":{"line":5,"column":68}},"3":{"start":{"line":7,"column":4},"end":{"line":8,"column":78}},"4":{"start":{"line":8,"column":24},"end":{"line":8,"column":76}},"5":{"start":{"line":8,"column":47},"end":{"line":8,"column":72}},"6":{"start":{"line":4,"column":0},"end":{"line":4,"column":16}},"7":{"start":{"line":12,"column":16},"end":{"line":12,"column":39}},"8":{"start":{"line":14,"column":4},"end":{"line":21,"column":7}},"9":{"start":{"line":15,"column":31},"end":{"line":15,"column":42}},"10":{"start":{"line":17,"column":8},"end":{"line":17,"column":26}},"11":{"start":{"line":19,"column":43},"end":{"line":19,"column":85}},"12":{"start":{"line":19,"column":59},"end":{"line":19,"column":84}},"13":{"start":{"line":20,"column":8},"end":{"line":20,"column":23}},"14":{"start":{"line":11,"column":0},"end":{"line":11,"column":16}},"15":{"start":{"line":26,"column":16},"end":{"line":26,"column":96}},"16":{"start":{"line":27,"column":19},"end":{"line":27,"column":65}},"17":{"start":{"line":28,"column":4},"end":{"line":28,"column":33}},"18":{"start":{"line":25,"column":0},"end":{"line":25,"column":22}},"19":{"start":{"line":32,"column":16},"end":{"line":33,"column":49}},"20":{"start":{"line":35,"column":4},"end":{"line":42,"column":76}},"21":{"start":{"line":42,"column":22},"end":{"line":42,"column":74}},"22":{"start":{"line":42,"column":45},"end":{"line":42,"column":70}},"23":{"start":{"line":31,"column":0},"end":{"line":31,"column":16}},"24":{"start":{"line":47,"column":16},"end":{"line":50,"column":76}},"25":{"start":{"line":52,"column":22},"end":{"line":52,"column":72}},"26":{"start":{"line":54,"column":19},"end":{"line":55,"column":54}},"27":{"start":{"line":57,"column":4},"end":{"line":58,"column":78}},"28":{"start":{"line":58,"column":24},"end":{"line":58,"column":76}},"29":{"start":{"line":58,"column":47},"end":{"line":58,"column":72}},"30":{"start":{"line":45,"column":0},"end":{"line":45,"column":16}}},"fnMap":{"0":{"name":"getAnimalByID","decl":{"start":{"line":4,"column":16},"end":{"line":4,"column":29}},"loc":{"start":{"line":4,"column":53},"end":{"line":9,"column":1}}},"1":{"name":"(anonymous_8)","decl":{"start":{"line":8,"column":14},"end":{"line":8,"column":20}},"loc":{"start":{"line":8,"column":24},"end":{"line":8,"column":76}}},"2":{"name":"(anonymous_9)","decl":{"start":{"line":8,"column":40},"end":{"line":8,"column":43}},"loc":{"start":{"line":8,"column":47},"end":{"line":8,"column":72}}},"3":{"name":"getAllAnimals","decl":{"start":{"line":11,"column":16},"end":{"line":11,"column":29}},"loc":{"start":{"line":11,"column":29},"end":{"line":22,"column":1}}},"4":{"name":"(anonymous_11)","decl":{"start":{"line":14,"column":42},"end":{"line":14,"column":48}},"loc":{"start":{"line":14,"column":51},"end":{"line":21,"column":5}}},"5":{"name":"(anonymous_12)","decl":{"start":{"line":19,"column":52},"end":{"line":19,"column":55}},"loc":{"start":{"line":19,"column":59},"end":{"line":19,"column":84}}},"6":{"name":"animalExists","decl":{"start":{"line":25,"column":22},"end":{"line":25,"column":34}},"loc":{"start":{"line":25,"column":58},"end":{"line":29,"column":null}}},"7":{"name":"saveAnimal","decl":{"start":{"line":31,"column":16},"end":{"line":31,"column":26}},"loc":{"start":{"line":31,"column":50},"end":{"line":43,"column":1}}},"8":{"name":"(anonymous_16)","decl":{"start":{"line":42,"column":12},"end":{"line":42,"column":18}},"loc":{"start":{"line":42,"column":22},"end":{"line":42,"column":74}}},"9":{"name":"(anonymous_17)","decl":{"start":{"line":42,"column":38},"end":{"line":42,"column":41}},"loc":{"start":{"line":42,"column":45},"end":{"line":42,"column":70}}},"10":{"name":"patchAnimal","decl":{"start":{"line":45,"column":16},"end":{"line":45,"column":27}},"loc":{"start":{"line":45,"column":51},"end":{"line":59,"column":1}}},"11":{"name":"(anonymous_19)","decl":{"start":{"line":58,"column":14},"end":{"line":58,"column":20}},"loc":{"start":{"line":58,"column":24},"end":{"line":58,"column":76}}},"12":{"name":"(anonymous_20)","decl":{"start":{"line":58,"column":40},"end":{"line":58,"column":43}},"loc":{"start":{"line":58,"column":47},"end":{"line":58,"column":72}}}},"branchMap":{"0":{"loc":{"start":{"line":52,"column":22},"end":{"line":52,"column":38}},"type":"binary-expr","locations":[{"start":{"line":52,"column":22},"end":{"line":52,"column":38}},{"start":{"line":52,"column":42},"end":{"line":52,"column":72}}]}},"s":{"0":2,"1":2,"2":0,"3":0,"4":0,"5":0,"6":2,"7":0,"8":0,"9":0,"10":0,"11":0,"12":0,"13":0,"14":2,"15":0,"16":0,"17":0,"18":2,"19":0,"20":0,"21":0,"22":0,"23":2,"24":0,"25":0,"26":0,"27":0,"28":0,"29":0,"30":2},"f":{"0":0,"1":0,"2":0,"3":0,"4":0,"5":0,"6":0,"7":0,"8":0,"9":0,"10":0,"11":0,"12":0},"b":{"0":[0,0]}}
,"C:\\RevatureProjects\\project0\\src\\daos\\species-dao.ts": {"path":"C:\\RevatureProjects\\project0\\src\\daos\\species-dao.ts","statementMap":{"0":{"start":{"line":1,"column":0},"end":{"line":1,"column":26}},"1":{"start":{"line":2,"column":0},"end":{"line":2,"column":56}},"2":{"start":{"line":5,"column":16},"end":{"line":5,"column":60}},"3":{"start":{"line":7,"column":4},"end":{"line":8,"column":70}},"4":{"start":{"line":8,"column":24},"end":{"line":8,"column":68}},"5":{"start":{"line":8,"column":47},"end":{"line":8,"column":64}},"6":{"start":{"line":4,"column":0},"end":{"line":4,"column":16}},"7":{"start":{"line":12,"column":16},"end":{"line":12,"column":39}},"8":{"start":{"line":14,"column":4},"end":{"line":21,"column":7}},"9":{"start":{"line":15,"column":35},"end":{"line":15,"column":46}},"10":{"start":{"line":17,"column":8},"end":{"line":17,"column":26}},"11":{"start":{"line":19,"column":35},"end":{"line":19,"column":69}},"12":{"start":{"line":19,"column":51},"end":{"line":19,"column":68}},"13":{"start":{"line":20,"column":8},"end":{"line":20,"column":23}},"14":{"start":{"line":11,"column":0},"end":{"line":11,"column":16}},"15":{"start":{"line":25,"column":16},"end":{"line":26,"column":25}},"16":{"start":{"line":28,"column":4},"end":{"line":30,"column":68}},"17":{"start":{"line":30,"column":22},"end":{"line":30,"column":66}},"18":{"start":{"line":30,"column":45},"end":{"line":30,"column":62}},"19":{"start":{"line":24,"column":0},"end":{"line":24,"column":16}},"20":{"start":{"line":35,"column":16},"end":{"line":36,"column":34}},"21":{"start":{"line":38,"column":19},"end":{"line":38,"column":52}},"22":{"start":{"line":40,"column":4},"end":{"line":41,"column":70}},"23":{"start":{"line":41,"column":24},"end":{"line":41,"column":68}},"24":{"start":{"line":41,"column":47},"end":{"line":41,"column":64}},"25":{"start":{"line":33,"column":0},"end":{"line":33,"column":16}}},"fnMap":{"0":{"name":"getSpeciesByID","decl":{"start":{"line":4,"column":16},"end":{"line":4,"column":30}},"loc":{"start":{"line":4,"column":48},"end":{"line":9,"column":1}}},"1":{"name":"(anonymous_1)","decl":{"start":{"line":8,"column":14},"end":{"line":8,"column":20}},"loc":{"start":{"line":8,"column":24},"end":{"line":8,"column":68}}},"2":{"name":"(anonymous_2)","decl":{"start":{"line":8,"column":40},"end":{"line":8,"column":43}},"loc":{"start":{"line":8,"column":47},"end":{"line":8,"column":64}}},"3":{"name":"getAllSpecies","decl":{"start":{"line":11,"column":16},"end":{"line":11,"column":29}},"loc":{"start":{"line":11,"column":29},"end":{"line":22,"column":1}}},"4":{"name":"(anonymous_4)","decl":{"start":{"line":14,"column":46},"end":{"line":14,"column":52}},"loc":{"start":{"line":14,"column":55},"end":{"line":21,"column":5}}},"5":{"name":"(anonymous_5)","decl":{"start":{"line":19,"column":44},"end":{"line":19,"column":47}},"loc":{"start":{"line":19,"column":51},"end":{"line":19,"column":68}}},"6":{"name":"saveSpecies","decl":{"start":{"line":24,"column":16},"end":{"line":24,"column":27}},"loc":{"start":{"line":24,"column":44},"end":{"line":31,"column":1}}},"7":{"name":"(anonymous_7)","decl":{"start":{"line":30,"column":12},"end":{"line":30,"column":18}},"loc":{"start":{"line":30,"column":22},"end":{"line":30,"column":66}}},"8":{"name":"(anonymous_8)","decl":{"start":{"line":30,"column":38},"end":{"line":30,"column":41}},"loc":{"start":{"line":30,"column":45},"end":{"line":30,"column":62}}},"9":{"name":"patchSpecies","decl":{"start":{"line":33,"column":16},"end":{"line":33,"column":28}},"loc":{"start":{"line":33,"column":45},"end":{"line":42,"column":1}}},"10":{"name":"(anonymous_10)","decl":{"start":{"line":41,"column":14},"end":{"line":41,"column":20}},"loc":{"start":{"line":41,"column":24},"end":{"line":41,"column":68}}},"11":{"name":"(anonymous_11)","decl":{"start":{"line":41,"column":40},"end":{"line":41,"column":43}},"loc":{"start":{"line":41,"column":47},"end":{"line":41,"column":64}}}},"branchMap":{},"s":{"0":2,"1":2,"2":0,"3":0,"4":0,"5":0,"6":2,"7":0,"8":0,"9":0,"10":0,"11":0,"12":0,"13":0,"14":2,"15":0,"16":0,"17":0,"18":0,"19":2,"20":0,"21":0,"22":0,"23":0,"24":0,"25":2},"f":{"0":0,"1":0,"2":0,"3":0,"4":0,"5":0,"6":0,"7":0,"8":0,"9":0,"10":0,"11":0},"b":{}}
,"C:\\RevatureProjects\\project0\\src\\models\\EmployeeKeeper.ts": {"path":"C:\\RevatureProjects\\project0\\src\\models\\EmployeeKeeper.ts","statementMap":{"0":{"start":{"line":15,"column":8},"end":{"line":15,"column":37}},"1":{"start":{"line":16,"column":8},"end":{"line":16,"column":35}},"2":{"start":{"line":17,"column":8},"end":{"line":17,"column":33}},"3":{"start":{"line":18,"column":8},"end":{"line":18,"column":33}},"4":{"start":{"line":8,"column":25},"end":{"line":9,"column":null}},"5":{"start":{"line":11,"column":8},"end":{"line":11,"column":24}},"6":{"start":{"line":1,"column":0},"end":{"line":1,"column":13}}},"fnMap":{"0":{"name":"(anonymous_0)","decl":{"start":{"line":14,"column":4},"end":{"line":14,"column":16}},"loc":{"start":{"line":14,"column":89},"end":{"line":19,"column":5}}},"1":{"name":"(anonymous_1)","decl":{"start":{"line":7,"column":4},"end":{"line":7,"column":10}},"loc":{"start":{"line":7,"column":32},"end":{"line":12,"column":5}}}},"branchMap":{},"s":{"0":7,"1":7,"2":7,"3":7,"4":0,"5":0,"6":3},"f":{"0":7,"1":0},"b":{}}
,"C:\\RevatureProjects\\project0\\src\\models\\ShelteredAnimal.ts": {"path":"C:\\RevatureProjects\\project0\\src\\models\\ShelteredAnimal.ts","statementMap":{"0":{"start":{"line":18,"column":8},"end":{"line":18,"column":47}},"1":{"start":{"line":19,"column":8},"end":{"line":19,"column":25}},"2":{"start":{"line":20,"column":8},"end":{"line":20,"column":31}},"3":{"start":{"line":21,"column":8},"end":{"line":21,"column":23}},"4":{"start":{"line":22,"column":8},"end":{"line":22,"column":27}},"5":{"start":{"line":23,"column":8},"end":{"line":23,"column":33}},"6":{"start":{"line":24,"column":8},"end":{"line":24,"column":35}},"7":{"start":{"line":11,"column":23},"end":{"line":12,"column":null}},"8":{"start":{"line":14,"column":8},"end":{"line":14,"column":22}},"9":{"start":{"line":1,"column":0},"end":{"line":1,"column":13}}},"fnMap":{"0":{"name":"(anonymous_0)","decl":{"start":{"line":17,"column":4},"end":{"line":17,"column":16}},"loc":{"start":{"line":17,"column":135},"end":{"line":25,"column":5}}},"1":{"name":"(anonymous_1)","decl":{"start":{"line":10,"column":4},"end":{"line":10,"column":10}},"loc":{"start":{"line":10,"column":30},"end":{"line":15,"column":5}}}},"branchMap":{},"s":{"0":8,"1":8,"2":8,"3":8,"4":8,"5":8,"6":8,"7":0,"8":0,"9":3},"f":{"0":8,"1":0},"b":{}}
,"C:\\RevatureProjects\\project0\\src\\models\\Species.ts": {"path":"C:\\RevatureProjects\\project0\\src\\models\\Species.ts","statementMap":{"0":{"start":{"line":13,"column":8},"end":{"line":13,"column":25}},"1":{"start":{"line":14,"column":8},"end":{"line":14,"column":35}},"2":{"start":{"line":6,"column":24},"end":{"line":7,"column":null}},"3":{"start":{"line":9,"column":8},"end":{"line":9,"column":23}},"4":{"start":{"line":1,"column":0},"end":{"line":1,"column":13}}},"fnMap":{"0":{"name":"(anonymous_0)","decl":{"start":{"line":12,"column":4},"end":{"line":12,"column":16}},"loc":{"start":{"line":12,"column":47},"end":{"line":15,"column":5}}},"1":{"name":"(anonymous_1)","decl":{"start":{"line":5,"column":4},"end":{"line":5,"column":10}},"loc":{"start":{"line":5,"column":34},"end":{"line":10,"column":5}}}},"branchMap":{},"s":{"0":6,"1":6,"2":0,"3":0,"4":3},"f":{"0":6,"1":0},"b":{}}
,"C:\\RevatureProjects\\project0\\src\\routers\\employeeKeeper-router.ts": {"path":"C:\\RevatureProjects\\project0\\src\\routers\\employeeKeeper-router.ts","statementMap":{"0":{"start":{"line":1,"column":0},"end":{"line":1,"column":30}},"1":{"start":{"line":2,"column":0},"end":{"line":2,"column":64}},"2":{"start":{"line":4,"column":13},"end":{"line":4,"column":53}},"3":{"start":{"line":6,"column":0},"end":{"line":20,"column":3}},"4":{"start":{"line":7,"column":23},"end":{"line":7,"column":41}},"5":{"start":{"line":8,"column":4},"end":{"line":19,"column":null}},"6":{"start":{"line":9,"column":8},"end":{"line":13,"column":null}},"7":{"start":{"line":10,"column":12},"end":{"line":10,"column":37}},"8":{"start":{"line":12,"column":12},"end":{"line":12,"column":36}},"9":{"start":{"line":14,"column":8},"end":{"line":14,"column":15}},"10":{"start":{"line":16,"column":8},"end":{"line":16,"column":25}},"11":{"start":{"line":17,"column":8},"end":{"line":17,"column":33}},"12":{"start":{"line":18,"column":8},"end":{"line":18,"column":15}},"13":{"start":{"line":22,"column":0},"end":{"line":30,"column":3}},"14":{"start":{"line":23,"column":4},"end":{"line":29,"column":7}},"15":{"start":{"line":24,"column":8},"end":{"line":24,"column":57}},"16":{"start":{"line":25,"column":8},"end":{"line":25,"column":33}},"17":{"start":{"line":26,"column":8},"end":{"line":26,"column":15}},"18":{"start":{"line":28,"column":8},"end":{"line":28,"column":33}},"19":{"start":{"line":32,"column":0},"end":{"line":43,"column":3}},"20":{"start":{"line":33,"column":25},"end":{"line":33,"column":37}},"21":{"start":{"line":34,"column":8},"end":{"line":42,"column":15}},"22":{"start":{"line":36,"column":16},"end":{"line":36,"column":37}},"23":{"start":{"line":37,"column":16},"end":{"line":37,"column":43}},"24":{"start":{"line":38,"column":16},"end":{"line":38,"column":23}},"25":{"start":{"line":40,"column":16},"end":{"line":40,"column":41}},"26":{"start":{"line":41,"column":16},"end":{"line":41,"column":23}},"27":{"start":{"line":45,"column":0},"end":{"line":59,"column":3}},"28":{"start":{"line":46,"column":21},"end":{"line":46,"column":33}},"29":{"start":{"line":47,"column":4},"end":{"line":58,"column":null}},"30":{"start":{"line":49,"column":12},"end":{"line":53,"column":null}},"31":{"start":{"line":50,"column":16},"end":{"line":50,"column":47}},"32":{"start":{"line":52,"column":16},"end":{"line":52,"column":41}},"33":{"start":{"line":55,"column":12},"end":{"line":55,"column":37}},"34":{"start":{"line":57,"column":12},"end":{"line":57,"column":19}}},"fnMap":{"0":{"name":"(anonymous_2)","decl":{"start":{"line":6,"column":41},"end":{"line":6,"column":42}},"loc":{"start":{"line":6,"column":69},"end":{"line":20,"column":1}}},"1":{"name":"(anonymous_3)","decl":{"start":{"line":8,"column":53},"end":{"line":8,"column":61}},"loc":{"start":{"line":8,"column":64},"end":{"line":15,"column":5}}},"2":{"name":"(anonymous_4)","decl":{"start":{"line":15,"column":13},"end":{"line":15,"column":16}},"loc":{"start":{"line":15,"column":19},"end":{"line":19,"column":5}}},"3":{"name":"(anonymous_5)","decl":{"start":{"line":22,"column":29},"end":{"line":22,"column":30}},"loc":{"start":{"line":22,"column":57},"end":{"line":30,"column":1}}},"4":{"name":"(anonymous_6)","decl":{"start":{"line":23,"column":43},"end":{"line":23,"column":52}},"loc":{"start":{"line":23,"column":55},"end":{"line":27,"column":5}}},"5":{"name":"(anonymous_7)","decl":{"start":{"line":27,"column":13},"end":{"line":27,"column":16}},"loc":{"start":{"line":27,"column":19},"end":{"line":29,"column":5}}},"6":{"name":"(anonymous_8)","decl":{"start":{"line":32,"column":30},"end":{"line":32,"column":31}},"loc":{"start":{"line":32,"column":58},"end":{"line":43,"column":1}}},"7":{"name":"(anonymous_9)","decl":{"start":{"line":35,"column":18},"end":{"line":35,"column":29}},"loc":{"start":{"line":35,"column":32},"end":{"line":39,"column":13}}},"8":{"name":"(anonymous_10)","decl":{"start":{"line":39,"column":21},"end":{"line":39,"column":24}},"loc":{"start":{"line":39,"column":27},"end":{"line":42,"column":13}}},"9":{"name":"(anonymous_11)","decl":{"start":{"line":45,"column":31},"end":{"line":45,"column":32}},"loc":{"start":{"line":45,"column":59},"end":{"line":59,"column":1}}},"10":{"name":"(anonymous_12)","decl":{"start":{"line":48,"column":14},"end":{"line":48,"column":29}},"loc":{"start":{"line":48,"column":32},"end":{"line":54,"column":9}}},"11":{"name":"(anonymous_13)","decl":{"start":{"line":54,"column":17},"end":{"line":54,"column":20}},"loc":{"start":{"line":54,"column":23},"end":{"line":56,"column":9}}},"12":{"name":"(anonymous_14)","decl":{"start":{"line":56,"column":19},"end":{"line":56,"column":22}},"loc":{"start":{"line":56,"column":24},"end":{"line":58,"column":9}}}},"branchMap":{"0":{"loc":{"start":{"line":9,"column":8},"end":{"line":13,"column":null}},"type":"if","locations":[{"start":{"line":9,"column":8},"end":{"line":13,"column":null}},{"start":{"line":9,"column":8},"end":{"line":13,"column":null}}]},"1":{"loc":{"start":{"line":49,"column":12},"end":{"line":53,"column":null}},"type":"if","locations":[{"start":{"line":49,"column":12},"end":{"line":53,"column":null}},{"start":{"line":49,"column":12},"end":{"line":53,"column":null}}]}},"s":{"0":1,"1":1,"2":1,"3":1,"4":3,"5":3,"6":2,"7":1,"8":1,"9":2,"10":1,"11":1,"12":1,"13":1,"14":2,"15":1,"16":1,"17":1,"18":1,"19":1,"20":2,"21":2,"22":1,"23":1,"24":1,"25":1,"26":1,"27":1,"28":0,"29":0,"30":0,"31":0,"32":0,"33":0,"34":0},"f":{"0":3,"1":2,"2":1,"3":2,"4":1,"5":1,"6":2,"7":1,"8":1,"9":0,"10":0,"11":0,"12":0},"b":{"0":[1,1],"1":[0,0]}}
,"C:\\RevatureProjects\\project0\\src\\routers\\shelteredAnimal-router.ts": {"path":"C:\\RevatureProjects\\project0\\src\\routers\\shelteredAnimal-router.ts","statementMap":{"0":{"start":{"line":1,"column":0},"end":{"line":1,"column":30}},"1":{"start":{"line":2,"column":0},"end":{"line":2,"column":60}},"2":{"start":{"line":4,"column":13},"end":{"line":4,"column":54}},"3":{"start":{"line":6,"column":0},"end":{"line":20,"column":3}},"4":{"start":{"line":7,"column":28},"end":{"line":7,"column":46}},"5":{"start":{"line":8,"column":4},"end":{"line":19,"column":null}},"6":{"start":{"line":9,"column":8},"end":{"line":13,"column":null}},"7":{"start":{"line":10,"column":12},"end":{"line":10,"column":37}},"8":{"start":{"line":12,"column":12},"end":{"line":12,"column":34}},"9":{"start":{"line":14,"column":8},"end":{"line":14,"column":15}},"10":{"start":{"line":16,"column":8},"end":{"line":16,"column":25}},"11":{"start":{"line":17,"column":8},"end":{"line":17,"column":33}},"12":{"start":{"line":18,"column":8},"end":{"line":18,"column":15}},"13":{"start":{"line":22,"column":0},"end":{"line":30,"column":3}},"14":{"start":{"line":23,"column":4},"end":{"line":29,"column":7}},"15":{"start":{"line":24,"column":8},"end":{"line":24,"column":57}},"16":{"start":{"line":25,"column":8},"end":{"line":25,"column":31}},"17":{"start":{"line":26,"column":8},"end":{"line":26,"column":15}},"18":{"start":{"line":28,"column":8},"end":{"line":28,"column":33}},"19":{"start":{"line":32,"column":0},"end":{"line":43,"column":3}},"20":{"start":{"line":33,"column":19},"end":{"line":33,"column":31}},"21":{"start":{"line":34,"column":4},"end":{"line":42,"column":11}},"22":{"start":{"line":36,"column":12},"end":{"line":36,"column":33}},"23":{"start":{"line":37,"column":12},"end":{"line":37,"column":37}},"24":{"start":{"line":38,"column":12},"end":{"line":38,"column":19}},"25":{"start":{"line":40,"column":12},"end":{"line":40,"column":37}},"26":{"start":{"line":41,"column":12},"end":{"line":41,"column":19}},"27":{"start":{"line":45,"column":0},"end":{"line":59,"column":3}},"28":{"start":{"line":46,"column":19},"end":{"line":46,"column":31}},"29":{"start":{"line":47,"column":4},"end":{"line":58,"column":null}},"30":{"start":{"line":49,"column":12},"end":{"line":53,"column":null}},"31":{"start":{"line":50,"column":16},"end":{"line":50,"column":45}},"32":{"start":{"line":52,"column":16},"end":{"line":52,"column":41}},"33":{"start":{"line":55,"column":12},"end":{"line":55,"column":37}},"34":{"start":{"line":57,"column":12},"end":{"line":57,"column":19}}},"fnMap":{"0":{"name":"(anonymous_2)","decl":{"start":{"line":6,"column":47},"end":{"line":6,"column":48}},"loc":{"start":{"line":6,"column":75},"end":{"line":20,"column":1}}},"1":{"name":"(anonymous_3)","decl":{"start":{"line":8,"column":54},"end":{"line":8,"column":60}},"loc":{"start":{"line":8,"column":63},"end":{"line":15,"column":5}}},"2":{"name":"(anonymous_4)","decl":{"start":{"line":15,"column":13},"end":{"line":15,"column":16}},"loc":{"start":{"line":15,"column":19},"end":{"line":19,"column":5}}},"3":{"name":"(anonymous_5)","decl":{"start":{"line":22,"column":30},"end":{"line":22,"column":31}},"loc":{"start":{"line":22,"column":58},"end":{"line":30,"column":1}}},"4":{"name":"(anonymous_6)","decl":{"start":{"line":23,"column":39},"end":{"line":23,"column":46}},"loc":{"start":{"line":23,"column":49},"end":{"line":27,"column":5}}},"5":{"name":"(anonymous_7)","decl":{"start":{"line":27,"column":13},"end":{"line":27,"column":16}},"loc":{"start":{"line":27,"column":19},"end":{"line":29,"column":5}}},"6":{"name":"(anonymous_8)","decl":{"start":{"line":32,"column":31},"end":{"line":32,"column":32}},"loc":{"start":{"line":32,"column":59},"end":{"line":43,"column":1}}},"7":{"name":"(anonymous_9)","decl":{"start":{"line":35,"column":14},"end":{"line":35,"column":23}},"loc":{"start":{"line":35,"column":26},"end":{"line":39,"column":9}}},"8":{"name":"(anonymous_10)","decl":{"start":{"line":39,"column":17},"end":{"line":39,"column":20}},"loc":{"start":{"line":39,"column":23},"end":{"line":42,"column":9}}},"9":{"name":"(anonymous_11)","decl":{"start":{"line":45,"column":32},"end":{"line":45,"column":33}},"loc":{"start":{"line":45,"column":60},"end":{"line":59,"column":1}}},"10":{"name":"(anonymous_12)","decl":{"start":{"line":48,"column":14},"end":{"line":48,"column":27}},"loc":{"start":{"line":48,"column":30},"end":{"line":54,"column":9}}},"11":{"name":"(anonymous_13)","decl":{"start":{"line":54,"column":17},"end":{"line":54,"column":20}},"loc":{"start":{"line":54,"column":23},"end":{"line":56,"column":9}}},"12":{"name":"(anonymous_14)","decl":{"start":{"line":56,"column":19},"end":{"line":56,"column":22}},"loc":{"start":{"line":56,"column":24},"end":{"line":58,"column":9}}}},"branchMap":{"0":{"loc":{"start":{"line":9,"column":8},"end":{"line":13,"column":null}},"type":"if","locations":[{"start":{"line":9,"column":8},"end":{"line":13,"column":null}},{"start":{"line":9,"column":8},"end":{"line":13,"column":null}}]},"1":{"loc":{"start":{"line":49,"column":12},"end":{"line":53,"column":null}},"type":"if","locations":[{"start":{"line":49,"column":12},"end":{"line":53,"column":null}},{"start":{"line":49,"column":12},"end":{"line":53,"column":null}}]}},"s":{"0":1,"1":1,"2":1,"3":1,"4":3,"5":3,"6":2,"7":1,"8":1,"9":2,"10":1,"11":1,"12":1,"13":1,"14":2,"15":1,"16":1,"17":1,"18":1,"19":1,"20":2,"21":2,"22":1,"23":1,"24":1,"25":1,"26":1,"27":1,"28":0,"29":0,"30":0,"31":0,"32":0,"33":0,"34":0},"f":{"0":3,"1":2,"2":1,"3":2,"4":1,"5":1,"6":2,"7":1,"8":1,"9":0,"10":0,"11":0,"12":0},"b":{"0":[1,1],"1":[0,0]}}
,"C:\\RevatureProjects\\project0\\src\\routers\\species-router.ts": {"path":"C:\\RevatureProjects\\project0\\src\\routers\\species-router.ts","statementMap":{"0":{"start":{"line":1,"column":0},"end":{"line":1,"column":30}},"1":{"start":{"line":2,"column":0},"end":{"line":2,"column":62}},"2":{"start":{"line":4,"column":13},"end":{"line":4,"column":46}},"3":{"start":{"line":6,"column":0},"end":{"line":20,"column":3}},"4":{"start":{"line":7,"column":22},"end":{"line":7,"column":40}},"5":{"start":{"line":8,"column":4},"end":{"line":19,"column":null}},"6":{"start":{"line":9,"column":8},"end":{"line":13,"column":null}},"7":{"start":{"line":10,"column":12},"end":{"line":10,"column":37}},"8":{"start":{"line":12,"column":12},"end":{"line":12,"column":35}},"9":{"start":{"line":14,"column":8},"end":{"line":14,"column":15}},"10":{"start":{"line":16,"column":8},"end":{"line":16,"column":25}},"11":{"start":{"line":17,"column":8},"end":{"line":17,"column":33}},"12":{"start":{"line":18,"column":8},"end":{"line":18,"column":15}},"13":{"start":{"line":22,"column":0},"end":{"line":30,"column":3}},"14":{"start":{"line":23,"column":4},"end":{"line":29,"column":7}},"15":{"start":{"line":24,"column":8},"end":{"line":24,"column":57}},"16":{"start":{"line":25,"column":8},"end":{"line":25,"column":31}},"17":{"start":{"line":26,"column":8},"end":{"line":26,"column":15}},"18":{"start":{"line":28,"column":8},"end":{"line":28,"column":33}},"19":{"start":{"line":33,"column":0},"end":{"line":44,"column":3}},"20":{"start":{"line":34,"column":24},"end":{"line":34,"column":36}},"21":{"start":{"line":35,"column":8},"end":{"line":43,"column":15}},"22":{"start":{"line":37,"column":16},"end":{"line":37,"column":37}},"23":{"start":{"line":38,"column":16},"end":{"line":38,"column":42}},"24":{"start":{"line":39,"column":16},"end":{"line":39,"column":23}},"25":{"start":{"line":41,"column":16},"end":{"line":41,"column":41}},"26":{"start":{"line":42,"column":16},"end":{"line":42,"column":23}},"27":{"start":{"line":46,"column":0},"end":{"line":60,"column":3}},"28":{"start":{"line":47,"column":20},"end":{"line":47,"column":32}},"29":{"start":{"line":48,"column":4},"end":{"line":59,"column":null}},"30":{"start":{"line":50,"column":12},"end":{"line":54,"column":null}},"31":{"start":{"line":51,"column":16},"end":{"line":51,"column":46}},"32":{"start":{"line":53,"column":16},"end":{"line":53,"column":41}},"33":{"start":{"line":56,"column":12},"end":{"line":56,"column":37}},"34":{"start":{"line":58,"column":12},"end":{"line":58,"column":19}}},"fnMap":{"0":{"name":"(anonymous_2)","decl":{"start":{"line":6,"column":33},"end":{"line":6,"column":34}},"loc":{"start":{"line":6,"column":61},"end":{"line":20,"column":1}}},"1":{"name":"(anonymous_3)","decl":{"start":{"line":8,"column":50},"end":{"line":8,"column":57}},"loc":{"start":{"line":8,"column":60},"end":{"line":15,"column":5}}},"2":{"name":"(anonymous_4)","decl":{"start":{"line":15,"column":13},"end":{"line":15,"column":16}},"loc":{"start":{"line":15,"column":19},"end":{"line":19,"column":5}}},"3":{"name":"(anonymous_5)","decl":{"start":{"line":22,"column":22},"end":{"line":22,"column":23}},"loc":{"start":{"line":22,"column":50},"end":{"line":30,"column":1}}},"4":{"name":"(anonymous_6)","decl":{"start":{"line":23,"column":40},"end":{"line":23,"column":47}},"loc":{"start":{"line":23,"column":50},"end":{"line":27,"column":5}}},"5":{"name":"(anonymous_7)","decl":{"start":{"line":27,"column":13},"end":{"line":27,"column":16}},"loc":{"start":{"line":27,"column":19},"end":{"line":29,"column":5}}},"6":{"name":"(anonymous_8)","decl":{"start":{"line":33,"column":23},"end":{"line":33,"column":24}},"loc":{"start":{"line":33,"column":51},"end":{"line":44,"column":1}}},"7":{"name":"(anonymous_9)","decl":{"start":{"line":36,"column":18},"end":{"line":36,"column":28}},"loc":{"start":{"line":36,"column":31},"end":{"line":40,"column":13}}},"8":{"name":"(anonymous_10)","decl":{"start":{"line":40,"column":21},"end":{"line":40,"column":24}},"loc":{"start":{"line":40,"column":27},"end":{"line":43,"column":13}}},"9":{"name":"(anonymous_11)","decl":{"start":{"line":46,"column":24},"end":{"line":46,"column":25}},"loc":{"start":{"line":46,"column":52},"end":{"line":60,"column":1}}},"10":{"name":"(anonymous_12)","decl":{"start":{"line":49,"column":14},"end":{"line":49,"column":28}},"loc":{"start":{"line":49,"column":31},"end":{"line":55,"column":9}}},"11":{"name":"(anonymous_13)","decl":{"start":{"line":55,"column":17},"end":{"line":55,"column":20}},"loc":{"start":{"line":55,"column":23},"end":{"line":57,"column":9}}},"12":{"name":"(anonymous_14)","decl":{"start":{"line":57,"column":19},"end":{"line":57,"column":22}},"loc":{"start":{"line":57,"column":24},"end":{"line":59,"column":9}}}},"branchMap":{"0":{"loc":{"start":{"line":9,"column":8},"end":{"line":13,"column":null}},"type":"if","locations":[{"start":{"line":9,"column":8},"end":{"line":13,"column":null}},{"start":{"line":9,"column":8},"end":{"line":13,"column":null}}]},"1":{"loc":{"start":{"line":50,"column":12},"end":{"line":54,"column":null}},"type":"if","locations":[{"start":{"line":50,"column":12},"end":{"line":54,"column":null}},{"start":{"line":50,"column":12},"end":{"line":54,"column":null}}]}},"s":{"0":1,"1":1,"2":1,"3":1,"4":3,"5":3,"6":2,"7":1,"8":1,"9":2,"10":1,"11":1,"12":1,"13":1,"14":2,"15":1,"16":1,"17":1,"18":1,"19":1,"20":2,"21":2,"22":1,"23":1,"24":1,"25":1,"26":1,"27":1,"28":0,"29":0,"30":0,"31":0,"32":0,"33":0,"34":0},"f":{"0":3,"1":2,"2":1,"3":2,"4":1,"5":1,"6":2,"7":1,"8":1,"9":0,"10":0,"11":0,"12":0},"b":{"0":[1,1],"1":[0,0]}}
,"C:\\RevatureProjects\\project0\\src\\services\\animal-service.ts": {"path":"C:\\RevatureProjects\\project0\\src\\services\\animal-service.ts","statementMap":{"0":{"start":{"line":1,"column":0},"end":{"line":1,"column":60}},"1":{"start":{"line":2,"column":0},"end":{"line":2,"column":57}},"2":{"start":{"line":5,"column":4},"end":{"line":5,"column":52}},"3":{"start":{"line":4,"column":0},"end":{"line":4,"column":16}},"4":{"start":{"line":9,"column":4},"end":{"line":9,"column":37}},"5":{"start":{"line":8,"column":0},"end":{"line":8,"column":16}},"6":{"start":{"line":14,"column":22},"end":{"line":16,"column":null}},"7":{"start":{"line":19,"column":4},"end":{"line":23,"column":null}},"8":{"start":{"line":20,"column":8},"end":{"line":20,"column":47}},"9":{"start":{"line":22,"column":8},"end":{"line":22,"column":61}},"10":{"start":{"line":22,"column":48},"end":{"line":22,"column":59}},"11":{"start":{"line":12,"column":0},"end":{"line":12,"column":16}},"12":{"start":{"line":28,"column":22},"end":{"line":28,"column":66}},"13":{"start":{"line":30,"column":19},"end":{"line":32,"column":null}},"14":{"start":{"line":35,"column":4},"end":{"line":37,"column":null}},"15":{"start":{"line":36,"column":8},"end":{"line":36,"column":31}},"16":{"start":{"line":39,"column":4},"end":{"line":39,"column":41}},"17":{"start":{"line":26,"column":0},"end":{"line":26,"column":16}}},"fnMap":{"0":{"name":"getAnimalByID","decl":{"start":{"line":4,"column":16},"end":{"line":4,"column":29}},"loc":{"start":{"line":4,"column":53},"end":{"line":6,"column":1}}},"1":{"name":"getAllAnimals","decl":{"start":{"line":8,"column":16},"end":{"line":8,"column":29}},"loc":{"start":{"line":8,"column":29},"end":{"line":10,"column":1}}},"2":{"name":"saveAnimal","decl":{"start":{"line":12,"column":16},"end":{"line":12,"column":26}},"loc":{"start":{"line":12,"column":38},"end":{"line":24,"column":1}}},"3":{"name":"(anonymous_4)","decl":{"start":{"line":22,"column":27},"end":{"line":22,"column":28}},"loc":{"start":{"line":22,"column":48},"end":{"line":22,"column":59}}},"4":{"name":"patchAnimal","decl":{"start":{"line":26,"column":16},"end":{"line":26,"column":27}},"loc":{"start":{"line":26,"column":38},"end":{"line":40,"column":1}}}},"branchMap":{"0":{"loc":{"start":{"line":19,"column":4},"end":{"line":23,"column":null}},"type":"if","locations":[{"start":{"line":19,"column":4},"end":{"line":23,"column":null}},{"start":{"line":19,"column":4},"end":{"line":23,"column":null}}]},"1":{"loc":{"start":{"line":19,"column":7},"end":{"line":19,"column":18}},"type":"binary-expr","locations":[{"start":{"line":19,"column":7},"end":{"line":19,"column":18}},{"start":{"line":19,"column":22},"end":{"line":19,"column":38}}]},"2":{"loc":{"start":{"line":28,"column":22},"end":{"line":28,"column":37}},"type":"binary-expr","locations":[{"start":{"line":28,"column":22},"end":{"line":28,"column":37}},{"start":{"line":28,"column":41},"end":{"line":28,"column":66}}]},"3":{"loc":{"start":{"line":35,"column":4},"end":{"line":37,"column":null}},"type":"if","locations":[{"start":{"line":35,"column":4},"end":{"line":37,"column":null}},{"start":{"line":35,"column":4},"end":{"line":37,"column":null}}]}},"s":{"0":2,"1":2,"2":0,"3":2,"4":0,"5":2,"6":6,"7":6,"8":3,"9":3,"10":3,"11":2,"12":2,"13":2,"14":2,"15":1,"16":1,"17":2},"f":{"0":0,"1":0,"2":6,"3":3,"4":2},"b":{"0":[3,3],"1":[6,4],"2":[2,2],"3":[1,1]}}
,"C:\\RevatureProjects\\project0\\src\\services\\employee-service.ts": {"path":"C:\\RevatureProjects\\project0\\src\\services\\employee-service.ts","statementMap":{"0":{"start":{"line":1,"column":0},"end":{"line":1,"column":58}},"1":{"start":{"line":2,"column":0},"end":{"line":2,"column":52}},"2":{"start":{"line":5,"column":4},"end":{"line":5,"column":51}},"3":{"start":{"line":4,"column":0},"end":{"line":4,"column":16}},"4":{"start":{"line":9,"column":4},"end":{"line":9,"column":41}},"5":{"start":{"line":8,"column":0},"end":{"line":8,"column":16}},"6":{"start":{"line":14,"column":24},"end":{"line":16,"column":null}},"7":{"start":{"line":20,"column":4},"end":{"line":24,"column":null}},"8":{"start":{"line":21,"column":8},"end":{"line":21,"column":53}},"9":{"start":{"line":23,"column":8},"end":{"line":23,"column":61}},"10":{"start":{"line":23,"column":48},"end":{"line":23,"column":59}},"11":{"start":{"line":12,"column":0},"end":{"line":12,"column":16}},"12":{"start":{"line":29,"column":21},"end":{"line":31,"column":null}},"13":{"start":{"line":34,"column":4},"end":{"line":36,"column":null}},"14":{"start":{"line":35,"column":8},"end":{"line":35,"column":31}},"15":{"start":{"line":38,"column":4},"end":{"line":38,"column":47}},"16":{"start":{"line":27,"column":0},"end":{"line":27,"column":16}}},"fnMap":{"0":{"name":"getEmployeeByID","decl":{"start":{"line":4,"column":16},"end":{"line":4,"column":31}},"loc":{"start":{"line":4,"column":50},"end":{"line":6,"column":1}}},"1":{"name":"getAllEmployees","decl":{"start":{"line":8,"column":16},"end":{"line":8,"column":31}},"loc":{"start":{"line":8,"column":31},"end":{"line":10,"column":1}}},"2":{"name":"saveEmployee","decl":{"start":{"line":12,"column":16},"end":{"line":12,"column":28}},"loc":{"start":{"line":12,"column":42},"end":{"line":25,"column":1}}},"3":{"name":"(anonymous_4)","decl":{"start":{"line":23,"column":27},"end":{"line":23,"column":28}},"loc":{"start":{"line":23,"column":48},"end":{"line":23,"column":59}}},"4":{"name":"patchEmployee","decl":{"start":{"line":27,"column":16},"end":{"line":27,"column":29}},"loc":{"start":{"line":27,"column":40},"end":{"line":39,"column":1}}}},"branchMap":{"0":{"loc":{"start":{"line":20,"column":4},"end":{"line":24,"column":null}},"type":"if","locations":[{"start":{"line":20,"column":4},"end":{"line":24,"column":null}},{"start":{"line":20,"column":4},"end":{"line":24,"column":null}}]},"1":{"loc":{"start":{"line":20,"column":7},"end":{"line":20,"column":25}},"type":"binary-expr","locations":[{"start":{"line":20,"column":7},"end":{"line":20,"column":25}},{"start":{"line":20,"column":29},"end":{"line":20,"column":46}},{"start":{"line":20,"column":50},"end":{"line":20,"column":67}}]},"2":{"loc":{"start":{"line":34,"column":4},"end":{"line":36,"column":null}},"type":"if","locations":[{"start":{"line":34,"column":4},"end":{"line":36,"column":null}},{"start":{"line":34,"column":4},"end":{"line":36,"column":null}}]}},"s":{"0":2,"1":2,"2":0,"3":2,"4":0,"5":2,"6":5,"7":5,"8":3,"9":2,"10":2,"11":2,"12":2,"13":2,"14":1,"15":1,"16":2},"f":{"0":0,"1":0,"2":5,"3":2,"4":2},"b":{"0":[3,2],"1":[5,4,3],"2":[1,1]}}
,"C:\\RevatureProjects\\project0\\src\\services\\species-service.ts": {"path":"C:\\RevatureProjects\\project0\\src\\services\\species-service.ts","statementMap":{"0":{"start":{"line":1,"column":0},"end":{"line":1,"column":44}},"1":{"start":{"line":2,"column":0},"end":{"line":2,"column":50}},"2":{"start":{"line":5,"column":4},"end":{"line":5,"column":48}},"3":{"start":{"line":4,"column":0},"end":{"line":4,"column":16}},"4":{"start":{"line":9,"column":4},"end":{"line":9,"column":38}},"5":{"start":{"line":8,"column":0},"end":{"line":8,"column":16}},"6":{"start":{"line":14,"column":23},"end":{"line":15,"column":null}},"7":{"start":{"line":18,"column":4},"end":{"line":22,"column":null}},"8":{"start":{"line":19,"column":8},"end":{"line":19,"column":50}},"9":{"start":{"line":21,"column":8},"end":{"line":21,"column":61}},"10":{"start":{"line":21,"column":48},"end":{"line":21,"column":59}},"11":{"start":{"line":12,"column":0},"end":{"line":12,"column":16}},"12":{"start":{"line":27,"column":20},"end":{"line":28,"column":null}},"13":{"start":{"line":31,"column":4},"end":{"line":33,"column":null}},"14":{"start":{"line":32,"column":8},"end":{"line":32,"column":31}},"15":{"start":{"line":35,"column":4},"end":{"line":35,"column":44}},"16":{"start":{"line":25,"column":0},"end":{"line":25,"column":16}}},"fnMap":{"0":{"name":"getSpeciesByID","decl":{"start":{"line":4,"column":16},"end":{"line":4,"column":30}},"loc":{"start":{"line":4,"column":48},"end":{"line":6,"column":1}}},"1":{"name":"getAllSpecies","decl":{"start":{"line":8,"column":16},"end":{"line":8,"column":29}},"loc":{"start":{"line":8,"column":29},"end":{"line":10,"column":1}}},"2":{"name":"saveSpecies","decl":{"start":{"line":12,"column":16},"end":{"line":12,"column":27}},"loc":{"start":{"line":12,"column":40},"end":{"line":23,"column":1}}},"3":{"name":"(anonymous_4)","decl":{"start":{"line":21,"column":27},"end":{"line":21,"column":28}},"loc":{"start":{"line":21,"column":48},"end":{"line":21,"column":59}}},"4":{"name":"patchSpecies","decl":{"start":{"line":25,"column":16},"end":{"line":25,"column":28}},"loc":{"start":{"line":25,"column":39},"end":{"line":36,"column":1}}}},"branchMap":{"0":{"loc":{"start":{"line":18,"column":4},"end":{"line":22,"column":null}},"type":"if","locations":[{"start":{"line":18,"column":4},"end":{"line":22,"column":null}},{"start":{"line":18,"column":4},"end":{"line":22,"column":null}}]},"1":{"loc":{"start":{"line":31,"column":4},"end":{"line":33,"column":null}},"type":"if","locations":[{"start":{"line":31,"column":4},"end":{"line":33,"column":null}},{"start":{"line":31,"column":4},"end":{"line":33,"column":null}}]}},"s":{"0":2,"1":2,"2":0,"3":2,"4":0,"5":2,"6":4,"7":4,"8":3,"9":1,"10":1,"11":2,"12":2,"13":2,"14":1,"15":1,"16":2},"f":{"0":0,"1":0,"2":4,"3":1,"4":2},"b":{"0":[3,1],"1":[1,1]}}
}
