TN:
SF:src\daos\db.ts
FNF:0
FNH:0
DA:2,6
DA:4,6
LF:2
LH:2
BRF:0
BRH:0
end_of_record
TN:
SF:src\daos\employee-dao.ts
FN:4,getEmployeeByID
FN:8,(anonymous_8)
FN:8,(anonymous_9)
FN:11,getAllEmployees
FN:14,(anonymous_11)
FN:19,(anonymous_12)
FN:24,employeeExists
FN:30,saveEmployee
FN:39,(anonymous_16)
FN:39,(anonymous_17)
FN:42,patchEmployee
FN:52,(anonymous_19)
FN:52,(anonymous_20)
FNF:13
FNH:0
FNDA:0,getEmployeeByID
FNDA:0,(anonymous_8)
FNDA:0,(anonymous_9)
FNDA:0,getAllEmployees
FNDA:0,(anonymous_11)
FNDA:0,(anonymous_12)
FNDA:0,employeeExists
FNDA:0,saveEmployee
FNDA:0,(anonymous_16)
FNDA:0,(anonymous_17)
FNDA:0,patchEmployee
FNDA:0,(anonymous_19)
FNDA:0,(anonymous_20)
DA:1,2
DA:2,2
DA:4,2
DA:5,0
DA:7,0
DA:8,0
DA:11,2
DA:12,0
DA:14,0
DA:15,0
DA:17,0
DA:19,0
DA:20,0
DA:24,2
DA:25,0
DA:26,0
DA:27,0
DA:30,2
DA:31,0
DA:34,0
DA:39,0
DA:42,2
DA:44,0
DA:48,0
DA:51,0
DA:52,0
LF:26
LH:7
BRF:0
BRH:0
end_of_record
TN:
SF:src\daos\shelteredAnimal-dao.ts
FN:4,getAnimalByID
FN:8,(anonymous_8)
FN:8,(anonymous_9)
FN:11,getAllAnimals
FN:14,(anonymous_11)
FN:19,(anonymous_12)
FN:25,animalExists
FN:31,saveAnimal
FN:42,(anonymous_16)
FN:42,(anonymous_17)
FN:45,patchAnimal
FN:58,(anonymous_19)
FN:58,(anonymous_20)
FNF:13
FNH:0
FNDA:0,getAnimalByID
FNDA:0,(anonymous_8)
FNDA:0,(anonymous_9)
FNDA:0,getAllAnimals
FNDA:0,(anonymous_11)
FNDA:0,(anonymous_12)
FNDA:0,animalExists
FNDA:0,saveAnimal
FNDA:0,(anonymous_16)
FNDA:0,(anonymous_17)
FNDA:0,patchAnimal
FNDA:0,(anonymous_19)
FNDA:0,(anonymous_20)
DA:1,2
DA:2,2
DA:4,2
DA:5,0
DA:7,0
DA:8,0
DA:11,2
DA:12,0
DA:14,0
DA:15,0
DA:17,0
DA:19,0
DA:20,0
DA:25,2
DA:26,0
DA:27,0
DA:28,0
DA:31,2
DA:32,0
DA:35,0
DA:42,0
DA:45,2
DA:47,0
DA:52,0
DA:54,0
DA:57,0
DA:58,0
LF:27
LH:7
BRDA:52,0,0,0
BRDA:52,0,1,0
BRF:2
BRH:0
end_of_record
TN:
SF:src\daos\species-dao.ts
FN:4,getSpeciesByID
FN:8,(anonymous_1)
FN:8,(anonymous_2)
FN:11,getAllSpecies
FN:14,(anonymous_4)
FN:19,(anonymous_5)
FN:24,saveSpecies
FN:30,(anonymous_7)
FN:30,(anonymous_8)
FN:33,patchSpecies
FN:41,(anonymous_10)
FN:41,(anonymous_11)
FNF:12
FNH:0
FNDA:0,getSpeciesByID
FNDA:0,(anonymous_1)
FNDA:0,(anonymous_2)
FNDA:0,getAllSpecies
FNDA:0,(anonymous_4)
FNDA:0,(anonymous_5)
FNDA:0,saveSpecies
FNDA:0,(anonymous_7)
FNDA:0,(anonymous_8)
FNDA:0,patchSpecies
FNDA:0,(anonymous_10)
FNDA:0,(anonymous_11)
DA:1,2
DA:2,2
DA:4,2
DA:5,0
DA:7,0
DA:8,0
DA:11,2
DA:12,0
DA:14,0
DA:15,0
DA:17,0
DA:19,0
DA:20,0
DA:24,2
DA:25,0
DA:28,0
DA:30,0
DA:33,2
DA:35,0
DA:38,0
DA:40,0
DA:41,0
LF:22
LH:6
BRF:0
BRH:0
end_of_record
TN:
SF:src\models\EmployeeKeeper.ts
FN:14,(anonymous_0)
FN:7,(anonymous_1)
FNF:2
FNH:1
FNDA:7,(anonymous_0)
FNDA:0,(anonymous_1)
DA:1,3
DA:8,0
DA:11,0
DA:15,7
DA:16,7
DA:17,7
DA:18,7
LF:7
LH:5
BRF:0
BRH:0
end_of_record
TN:
SF:src\models\ShelteredAnimal.ts
FN:17,(anonymous_0)
FN:10,(anonymous_1)
FNF:2
FNH:1
FNDA:8,(anonymous_0)
FNDA:0,(anonymous_1)
DA:1,3
DA:11,0
DA:14,0
DA:18,8
DA:19,8
DA:20,8
DA:21,8
DA:22,8
DA:23,8
DA:24,8
LF:10
LH:8
BRF:0
BRH:0
end_of_record
TN:
SF:src\models\Species.ts
FN:12,(anonymous_0)
FN:5,(anonymous_1)
FNF:2
FNH:1
FNDA:6,(anonymous_0)
FNDA:0,(anonymous_1)
DA:1,3
DA:6,0
DA:9,0
DA:13,6
DA:14,6
LF:5
LH:3
BRF:0
BRH:0
end_of_record
TN:
SF:src\routers\employeeKeeper-router.ts
FN:6,(anonymous_2)
FN:8,(anonymous_3)
FN:15,(anonymous_4)
FN:22,(anonymous_5)
FN:23,(anonymous_6)
FN:27,(anonymous_7)
FN:32,(anonymous_8)
FN:35,(anonymous_9)
FN:39,(anonymous_10)
FN:45,(anonymous_11)
FN:48,(anonymous_12)
FN:54,(anonymous_13)
FN:56,(anonymous_14)
FNF:13
FNH:9
FNDA:3,(anonymous_2)
FNDA:2,(anonymous_3)
FNDA:1,(anonymous_4)
FNDA:2,(anonymous_5)
FNDA:1,(anonymous_6)
FNDA:1,(anonymous_7)
FNDA:2,(anonymous_8)
FNDA:1,(anonymous_9)
FNDA:1,(anonymous_10)
FNDA:0,(anonymous_11)
FNDA:0,(anonymous_12)
FNDA:0,(anonymous_13)
FNDA:0,(anonymous_14)
DA:1,1
DA:2,1
DA:4,1
DA:6,1
DA:7,3
DA:8,3
DA:9,2
DA:10,1
DA:12,1
DA:14,2
DA:16,1
DA:17,1
DA:18,1
DA:22,1
DA:23,2
DA:24,1
DA:25,1
DA:26,1
DA:28,1
DA:32,1
DA:33,2
DA:34,2
DA:36,1
DA:37,1
DA:38,1
DA:40,1
DA:41,1
DA:45,1
DA:46,0
DA:47,0
DA:49,0
DA:50,0
DA:52,0
DA:55,0
DA:57,0
LF:35
LH:28
BRDA:9,0,0,1
BRDA:9,0,1,1
BRDA:49,1,0,0
BRDA:49,1,1,0
BRF:4
BRH:2
end_of_record
TN:
SF:src\routers\shelteredAnimal-router.ts
FN:6,(anonymous_2)
FN:8,(anonymous_3)
FN:15,(anonymous_4)
FN:22,(anonymous_5)
FN:23,(anonymous_6)
FN:27,(anonymous_7)
FN:32,(anonymous_8)
FN:35,(anonymous_9)
FN:39,(anonymous_10)
FN:45,(anonymous_11)
FN:48,(anonymous_12)
FN:54,(anonymous_13)
FN:56,(anonymous_14)
FNF:13
FNH:9
FNDA:3,(anonymous_2)
FNDA:2,(anonymous_3)
FNDA:1,(anonymous_4)
FNDA:2,(anonymous_5)
FNDA:1,(anonymous_6)
FNDA:1,(anonymous_7)
FNDA:2,(anonymous_8)
FNDA:1,(anonymous_9)
FNDA:1,(anonymous_10)
FNDA:0,(anonymous_11)
FNDA:0,(anonymous_12)
FNDA:0,(anonymous_13)
FNDA:0,(anonymous_14)
DA:1,1
DA:2,1
DA:4,1
DA:6,1
DA:7,3
DA:8,3
DA:9,2
DA:10,1
DA:12,1
DA:14,2
DA:16,1
DA:17,1
DA:18,1
DA:22,1
DA:23,2
DA:24,1
DA:25,1
DA:26,1
DA:28,1
DA:32,1
DA:33,2
DA:34,2
DA:36,1
DA:37,1
DA:38,1
DA:40,1
DA:41,1
DA:45,1
DA:46,0
DA:47,0
DA:49,0
DA:50,0
DA:52,0
DA:55,0
DA:57,0
LF:35
LH:28
BRDA:9,0,0,1
BRDA:9,0,1,1
BRDA:49,1,0,0
BRDA:49,1,1,0
BRF:4
BRH:2
end_of_record
TN:
SF:src\routers\species-router.ts
FN:6,(anonymous_2)
FN:8,(anonymous_3)
FN:15,(anonymous_4)
FN:22,(anonymous_5)
FN:23,(anonymous_6)
FN:27,(anonymous_7)
FN:33,(anonymous_8)
FN:36,(anonymous_9)
FN:40,(anonymous_10)
FN:46,(anonymous_11)
FN:49,(anonymous_12)
FN:55,(anonymous_13)
FN:57,(anonymous_14)
FNF:13
FNH:9
FNDA:3,(anonymous_2)
FNDA:2,(anonymous_3)
FNDA:1,(anonymous_4)
FNDA:2,(anonymous_5)
FNDA:1,(anonymous_6)
FNDA:1,(anonymous_7)
FNDA:2,(anonymous_8)
FNDA:1,(anonymous_9)
FNDA:1,(anonymous_10)
FNDA:0,(anonymous_11)
FNDA:0,(anonymous_12)
FNDA:0,(anonymous_13)
FNDA:0,(anonymous_14)
DA:1,1
DA:2,1
DA:4,1
DA:6,1
DA:7,3
DA:8,3
DA:9,2
DA:10,1
DA:12,1
DA:14,2
DA:16,1
DA:17,1
DA:18,1
DA:22,1
DA:23,2
DA:24,1
DA:25,1
DA:26,1
DA:28,1
DA:33,1
DA:34,2
DA:35,2
DA:37,1
DA:38,1
DA:39,1
DA:41,1
DA:42,1
DA:46,1
DA:47,0
DA:48,0
DA:50,0
DA:51,0
DA:53,0
DA:56,0
DA:58,0
LF:35
LH:28
BRDA:9,0,0,1
BRDA:9,0,1,1
BRDA:50,1,0,0
BRDA:50,1,1,0
BRF:4
BRH:2
end_of_record
TN:
SF:src\services\animal-service.ts
FN:4,getAnimalByID
FN:8,getAllAnimals
FN:12,saveAnimal
FN:22,(anonymous_4)
FN:26,patchAnimal
FNF:5
FNH:3
FNDA:0,getAnimalByID
FNDA:0,getAllAnimals
FNDA:6,saveAnimal
FNDA:3,(anonymous_4)
FNDA:2,patchAnimal
DA:1,2
DA:2,2
DA:4,2
DA:5,0
DA:8,2
DA:9,0
DA:12,2
DA:14,6
DA:19,6
DA:20,3
DA:22,3
DA:26,2
DA:28,2
DA:30,2
DA:35,2
DA:36,1
DA:39,1
LF:17
LH:15
BRDA:19,0,0,3
BRDA:19,0,1,3
BRDA:19,1,0,6
BRDA:19,1,1,4
BRDA:28,2,0,2
BRDA:28,2,1,2
BRDA:35,3,0,1
BRDA:35,3,1,1
BRF:8
BRH:8
end_of_record
TN:
SF:src\services\employee-service.ts
FN:4,getEmployeeByID
FN:8,getAllEmployees
FN:12,saveEmployee
FN:23,(anonymous_4)
FN:27,patchEmployee
FNF:5
FNH:3
FNDA:0,getEmployeeByID
FNDA:0,getAllEmployees
FNDA:5,saveEmployee
FNDA:2,(anonymous_4)
FNDA:2,patchEmployee
DA:1,2
DA:2,2
DA:4,2
DA:5,0
DA:8,2
DA:9,0
DA:12,2
DA:14,5
DA:20,5
DA:21,3
DA:23,2
DA:27,2
DA:29,2
DA:34,2
DA:35,1
DA:38,1
LF:16
LH:14
BRDA:20,0,0,3
BRDA:20,0,1,2
BRDA:20,1,0,5
BRDA:20,1,1,4
BRDA:20,1,2,3
BRDA:34,2,0,1
BRDA:34,2,1,1
BRF:7
BRH:7
end_of_record
TN:
SF:src\services\species-service.ts
FN:4,getSpeciesByID
FN:8,getAllSpecies
FN:12,saveSpecies
FN:21,(anonymous_4)
FN:25,patchSpecies
FNF:5
FNH:3
FNDA:0,getSpeciesByID
FNDA:0,getAllSpecies
FNDA:4,saveSpecies
FNDA:1,(anonymous_4)
FNDA:2,patchSpecies
DA:1,2
DA:2,2
DA:4,2
DA:5,0
DA:8,2
DA:9,0
DA:12,2
DA:14,4
DA:18,4
DA:19,3
DA:21,1
DA:25,2
DA:27,2
DA:31,2
DA:32,1
DA:35,1
LF:16
LH:14
BRDA:18,0,0,3
BRDA:18,0,1,1
BRDA:31,1,0,1
BRDA:31,1,1,1
BRF:4
BRH:4
end_of_record
